06/27/2021 08:53:26 PM - conftest - init_driver - init_driver - INFO: Launching chrome browser
06/27/2021 08:53:34 PM - rideCell_PageObject_github_repositories - githubRepository - click_repository_tab - INFO: Clicking on repository tab
06/27/2021 08:53:35 PM - test_TC01_rideCell_Tests_GitHub_Repo_FindRepoNameDesc - test_verifyRepositoriesAndDescriptions - test_verifyRepositoriesAndDescriptions - INFO: Getting repository names and descriptions from UI
06/27/2021 08:53:35 PM - rideCell_PageObject_github_repositories - githubRepository - getRepositoriesName - INFO: Getting repository Names from UI
06/27/2021 08:53:37 PM - rideCell_PageObject_github_repositories - githubRepository - getRepositoryNameAndDescription - INFO: Returning dictonary of repository names and description from UI
06/27/2021 08:53:37 PM - test_TC01_rideCell_Tests_GitHub_Repo_FindRepoNameDesc - test_verifyRepositoriesAndDescriptions - test_verifyRepositoriesAndDescriptions - INFO: Getting repository names and descriptions from API
06/27/2021 08:53:40 PM - rideCell_API_github_repositories - GitHub_API - GitHub_API - INFO: Returning dictonary of repository names and description from API
06/27/2021 08:53:40 PM - test_TC01_rideCell_Tests_GitHub_Repo_FindRepoNameDesc - test_verifyRepositoriesAndDescriptions - test_verifyRepositoriesAndDescriptions - INFO: Comparing repository names and description from UI and API
06/27/2021 08:53:40 PM - test_TC01_rideCell_Tests_GitHub_Repo_FindRepoNameDesc - test_verifyRepositoriesAndDescriptions - test_verifyRepositoriesAndDescriptions - INFO: Test Case Passed
06/27/2021 08:53:40 PM - conftest - init_driver - init_driver - INFO: Closing the browser
06/27/2021 11:46:13 PM - conftest - init_driver - init_driver - INFO: Launching chrome browser
06/27/2021 11:46:20 PM - rideCell_PageObject_github_repositories - githubRepository - click_repository_tab - INFO: Clicking on repository tab
06/27/2021 11:46:20 PM - test_TC01_rideCell_Tests_GitHub_Repo_FindRepoNameDesc - test_verifyRepositoriesAndDescriptions - test_verifyRepositoriesAndDescriptions - INFO: Getting repository names and descriptions from UI
06/27/2021 11:46:20 PM - rideCell_PageObject_github_repositories - githubRepository - getRepositoriesName - INFO: Getting repository Names from UI
06/27/2021 11:46:22 PM - rideCell_PageObject_github_repositories - githubRepository - getRepositoryNameAndDescription - INFO: Returning dictionary of repository names and description from UI
06/27/2021 11:46:22 PM - test_TC01_rideCell_Tests_GitHub_Repo_FindRepoNameDesc - test_verifyRepositoriesAndDescriptions - test_verifyRepositoriesAndDescriptions - INFO: Getting repository names and descriptions from API
06/27/2021 11:46:25 PM - rideCell_API_github_repositories - GitHub_API - GitHub_API - INFO: Returning dictionary  of repository names and description from API
06/27/2021 11:46:25 PM - test_TC01_rideCell_Tests_GitHub_Repo_FindRepoNameDesc - test_verifyRepositoriesAndDescriptions - test_verifyRepositoriesAndDescriptions - INFO: Comparing repository names and description from UI and API
06/27/2021 11:46:25 PM - test_TC01_rideCell_Tests_GitHub_Repo_FindRepoNameDesc - test_verifyRepositoriesAndDescriptions - test_verifyRepositoriesAndDescriptions - INFO: Test Case Passed
06/27/2021 11:46:25 PM - conftest - init_driver - init_driver - INFO: Closing the browser
06/28/2021 12:06:48 AM - conftest - init_driver - init_driver - INFO: Launching chrome browser
06/28/2021 12:07:00 AM - rideCell_PageObject_github_repositories - githubRepository - click_repository_tab - INFO: Clicking on repository tab
06/28/2021 12:07:00 AM - test_TC01_rideCell_Tests_GitHub_Repo_FindRepoNameDesc - test_verifyRepositoriesAndDescriptions - test_verifyRepositoriesAndDescriptions - INFO: Getting repository names and descriptions from UI
06/28/2021 12:07:00 AM - rideCell_PageObject_github_repositories - githubRepository - getRepositoriesName - INFO: Getting repository Names from UI
06/28/2021 12:07:02 AM - rideCell_PageObject_github_repositories - githubRepository - getRepositoryNameAndDescription - INFO: Returning dictionary of repository names and description from UI
06/28/2021 12:07:02 AM - test_TC01_rideCell_Tests_GitHub_Repo_FindRepoNameDesc - test_verifyRepositoriesAndDescriptions - test_verifyRepositoriesAndDescriptions - INFO: Getting repository names and descriptions from API
06/28/2021 12:07:05 AM - rideCell_API_github_repositories - GitHub_API - GitHub_API - INFO: Returning dictionary  of repository names and description from API
06/28/2021 12:07:05 AM - test_TC01_rideCell_Tests_GitHub_Repo_FindRepoNameDesc - test_verifyRepositoriesAndDescriptions - test_verifyRepositoriesAndDescriptions - INFO: Comparing repository names and description from UI and API
06/28/2021 12:07:05 AM - test_TC01_rideCell_Tests_GitHub_Repo_FindRepoNameDesc - test_verifyRepositoriesAndDescriptions - test_verifyRepositoriesAndDescriptions - INFO: Test Case Passed
06/28/2021 12:07:05 AM - conftest - init_driver - init_driver - INFO: Closing the browser
06/28/2021 12:08:50 AM - conftest - init_driver - init_driver - INFO: Launching chrome browser
06/28/2021 12:08:57 AM - rideCell_PageObject_github_repositories - githubRepository - click_repository_tab - INFO: Clicking on repository tab
06/28/2021 12:08:58 AM - test_TC01_rideCell_Tests_GitHub_Repo_FindRepoNameDesc - test_verifyRepositoriesAndDescriptions - test_verifyRepositoriesAndDescriptions - INFO: Getting repository names and descriptions from UI
06/28/2021 12:08:58 AM - rideCell_PageObject_github_repositories - githubRepository - getRepositoriesName - INFO: Getting repository Names from UI
06/28/2021 12:09:00 AM - rideCell_PageObject_github_repositories - githubRepository - getRepositoryNameAndDescription - INFO: Returning dictionary of repository names and description from UI
06/28/2021 12:09:00 AM - test_TC01_rideCell_Tests_GitHub_Repo_FindRepoNameDesc - test_verifyRepositoriesAndDescriptions - test_verifyRepositoriesAndDescriptions - INFO: Getting repository names and descriptions from API
06/28/2021 12:09:03 AM - rideCell_API_github_repositories - GitHub_API - GitHub_API - INFO: Returning dictionary  of repository names and description from API
06/28/2021 12:09:03 AM - test_TC01_rideCell_Tests_GitHub_Repo_FindRepoNameDesc - test_verifyRepositoriesAndDescriptions - test_verifyRepositoriesAndDescriptions - INFO: Comparing repository names and description from UI and API
06/28/2021 12:09:03 AM - test_TC01_rideCell_Tests_GitHub_Repo_FindRepoNameDesc - test_verifyRepositoriesAndDescriptions - test_verifyRepositoriesAndDescriptions - INFO: Test Case Passed
06/28/2021 12:09:03 AM - conftest - init_driver - init_driver - INFO: Closing the browser
06/28/2021 12:17:13 AM - conftest - init_driver - init_driver - INFO: Launching chrome browser
06/28/2021 12:17:20 AM - rideCell_PageObject_github_repositories - githubRepository - click_repository_tab - INFO: Clicking on repository tab
06/28/2021 12:17:20 AM - test_TC01_rideCell_Tests_GitHub_Repo_FindRepoNameDesc - test_verifyRepositoriesAndDescriptions - test_verifyRepositoriesAndDescriptions - INFO: Getting repository names and descriptions from UI
06/28/2021 12:17:20 AM - rideCell_PageObject_github_repositories - githubRepository - getRepositoriesName - INFO: Getting repository Names from UI
06/28/2021 12:17:22 AM - rideCell_PageObject_github_repositories - githubRepository - getRepositoryNameAndDescription - INFO: Returning dictionary of repository names and description from UI
06/28/2021 12:17:22 AM - test_TC01_rideCell_Tests_GitHub_Repo_FindRepoNameDesc - test_verifyRepositoriesAndDescriptions - test_verifyRepositoriesAndDescriptions - INFO: Getting repository names and descriptions from API
06/28/2021 12:17:25 AM - rideCell_API_github_repositories - GitHub_API - GitHub_API - INFO: Returning dictionary  of repository names and description from API
06/28/2021 12:17:25 AM - test_TC01_rideCell_Tests_GitHub_Repo_FindRepoNameDesc - test_verifyRepositoriesAndDescriptions - test_verifyRepositoriesAndDescriptions - INFO: Comparing repository names and description from UI and API
06/28/2021 12:17:25 AM - test_TC01_rideCell_Tests_GitHub_Repo_FindRepoNameDesc - test_verifyRepositoriesAndDescriptions - test_verifyRepositoriesAndDescriptions - INFO: Test Case Passed
06/28/2021 12:17:25 AM - conftest - init_driver - init_driver - INFO: Closing the browser
